<?xml version="1.0" encoding="UTF-8"?>
<testsuite xmlns:xsi="http://www.w3.org/2001/XMLSchema-instance" xsi:noNamespaceSchemaLocation="https://maven.apache.org/surefire/maven-surefire-plugin/xsd/surefire-test-report.xsd" name="TaxTest" time="0.461" tests="28" errors="0" skipped="0" failures="0">
  <properties>
[...]
</properties>
  <testcase name="setExpensesTaxTest{double, double, double}[1]" classname="TaxTest" time="0.136"/>
  <testcase name="setExpensesTaxTest{double, double, double}[2]" classname="TaxTest" time="0"/>
  <testcase name="setExpensesTaxTest{double, double, double}[3]" classname="TaxTest" time="0"/>
  <testcase name="setExpensesTaxTest{double, double, double}[4]" classname="TaxTest" time="0.002"/>
  <testcase name="setExpensesTaxTest{double, double, double}[5]" classname="TaxTest" time="0.002"/>
  <testcase name="incomeTaxTest{double, double, double}[1]" classname="TaxTest" time="0.002"/>
  <testcase name="incomeTaxTest{double, double, double}[2]" classname="TaxTest" time="0.001"/>
  <testcase name="incomeTaxTest{double, double, double}[3]" classname="TaxTest" time="0.003"/>
  <testcase name="incomeTaxTest{double, double, double}[4]" classname="TaxTest" time="0.003"/>
  <testcase name="incomeTaxTest{double, double, double}[5]" classname="TaxTest" time="0.001"/>
  <testcase name="setIncomeTaxTestTest{double, double}[1]" classname="TaxTest" time="0.001"/>
  <testcase name="setIncomeTaxTestTest{double, double}[2]" classname="TaxTest" time="0.002"/>
  <testcase name="setIncomeTaxTestTest{double, double}[3]" classname="TaxTest" time="0"/>
  <testcase name="setIncomeTaxTestTest{double, double}[4]" classname="TaxTest" time="0.002"/>
  <testcase name="setIncomeTaxTestTest{double, double}[5]" classname="TaxTest" time="0"/>
  <testcase name="setIncomeTaxTestTest{double, double}[6]" classname="TaxTest" time="0.002"/>
  <testcase name="setIncomeTaxTestTest{double, double}[7]" classname="TaxTest" time="0.003"/>
  <testcase name="setIncomeTaxTestTest{double, double}[8]" classname="TaxTest" time="0"/>
  <testcase name="ExpensesTaxTest{double, double, double}[1]" classname="TaxTest" time="0"/>
  <testcase name="ExpensesTaxTest{double, double, double}[2]" classname="TaxTest" time="0"/>
  <testcase name="ExpensesTaxTest{double, double, double}[3]" classname="TaxTest" time="0"/>
  <testcase name="ExpensesTaxTest{double, double, double}[4]" classname="TaxTest" time="0"/>
  <testcase name="ExpensesTaxTest{double, double, double}[5]" classname="TaxTest" time="0.002"/>
  <testcase name="ExpensesTaxTest{double, double, double}[6]" classname="TaxTest" time="0"/>
  <testcase name="ExpensesTaxTest{double, double, double}[7]" classname="TaxTest" time="0.001"/>
  <testcase name="ExpensesTaxTest{double, double, double}[8]" classname="TaxTest" time="0.001"/>
  <testcase name="ExpensesTaxTest{double, double, double}[9]" classname="TaxTest" time="0.001"/>
  <testcase name="ExpensesTaxTest{double, double, double}[10]" classname="TaxTest" time="0.001"/>
</testsuite>